#
# A fatal error has been detected by the Java Runtime Environment:
#
#  EXCEPTION_ACCESS_VIOLATION (0xc0000005) at pc=0x000000006d602177, pid=15352, tid=19592
#
# JRE version: Java(TM) SE Runtime Environment (8.0_91-b15) (build 1.8.0_91-b15)
# Java VM: Java HotSpot(TM) 64-Bit Server VM (25.91-b15 mixed mode windows-amd64 compressed oops)
# Problematic frame:
# V  [jvm.dll+0x212177]
#
# Failed to write core dump. Minidumps are not enabled by default on client versions of Windows
#
# If you would like to submit a bug report, please visit:
#   http://bugreport.java.com/bugreport/crash.jsp
#

---------------  T H R E A D  ---------------

Current thread (0x0000000021364800):  JavaThread "Thread-16" [_thread_in_vm, id=19592, stack(0x0000000030960000,0x0000000030a60000)]

siginfo: ExceptionCode=0xc0000005, writing address 0x0000000030a5a210

Registers:
RAX=0x0000000030a5a210, RBX=0x0000000000000006, RCX=0x0000000000005000, RDX=0x0000000000000006
RSP=0x0000000030a5f210, RBP=0x0000000000000000, RSI=0x0000000030a5f210, RDI=0x0000000000000006
R8 =0x0000000000000006, R9 =0x0000000023c25110, R10=0x000000002060f528, R11=0x000000003096a168
R12=0x0000000023c25110, R13=0x0000000021364800, R14=0x0000000030a5f2d8, R15=0x000000002060f528
RIP=0x000000006d602177, EFLAGS=0x0000000000010202

Top of Stack: (sp=0x0000000030a5f210)
0x0000000030a5f210:   0000000000000078 0000000000000078
0x0000000030a5f220:   0000000021364800 0000000023c25110
0x0000000030a5f230:   00000000ffffffff 000000006d6030a7
0x0000000030a5f240:   0000000030a5f340 000000002060f528
0x0000000030a5f250:   0000000021364800 000000006d4af913
0x0000000030a5f260:   0000000030a5f2a0 0000000021364800
0x0000000030a5f270:   0000000030a5f330 0000000021364800
0x0000000030a5f280:   000000002060f528 0000000021364800
0x0000000030a5f290:   0000000002b69a20 0000000021364800
0x0000000030a5f2a0:   000000002060f528 0000000021364800
0x0000000030a5f2b0:   000000001bb9ded0 0000000021364800
0x0000000030a5f2c0:   0000000000000001 000000002060f528
0x0000000030a5f2d0:   0000000021364800 000000001f432780
0x0000000030a5f2e0:   0000000021364800 000000006d4b0dfd
0x0000000030a5f2f0:   0000000030a5f5f8 00000007c00069a0
0x0000000030a5f300:   00000007c014d6a8 000000006d5ae6a3 

Instructions: (pc=0x000000006d602177)
0x000000006d602157:   48 89 6c 24 30 33 ed 66 90 e8 db 37 08 00 ff c3
0x000000006d602167:   48 63 c8 48 8b c6 48 0f af cf 48 ff c7 48 2b c1
0x000000006d602177:   89 28 48 63 c3 48 3b 05 1d b5 58 00 7e db 48 8b
0x000000006d602187:   6c 24 30 48 8b 5c 24 38 48 8b 74 24 40 48 83 c4 


Register to memory mapping:

RAX=0x0000000030a5a210 is pointing into the stack for thread: 0x0000000021364800
RBX=0x0000000000000006 is an unknown value
RCX=0x0000000000005000 is an unknown value
RDX=0x0000000000000006 is an unknown value
RSP=0x0000000030a5f210 is pointing into the stack for thread: 0x0000000021364800
RBP=0x0000000000000000 is an unknown value
RSI=0x0000000030a5f210 is pointing into the stack for thread: 0x0000000021364800
RDI=0x0000000000000006 is an unknown value
R8 =0x0000000000000006 is an unknown value
R9 =0x0000000023c25110 is an unknown value
R10={method} {0x000000002060f530} 'run' '()V' in 'org/springframework/boot/devtools/restart/Restarter$LeakSafeThread'
R11=0x000000003096a168 is pointing into the stack for thread: 0x0000000021364800
R12=0x0000000023c25110 is an unknown value
R13=0x0000000021364800 is a thread
R14=0x0000000030a5f2d8 is pointing into the stack for thread: 0x0000000021364800
R15={method} {0x000000002060f530} 'run' '()V' in 'org/springframework/boot/devtools/restart/Restarter$LeakSafeThread'


Stack: [0x0000000030960000,0x0000000030a60000],  sp=0x0000000030a5f210,  free space=1020k
Native frames: (J=compiled Java code, j=interpreted, Vv=VM code, C=native code)


---------------  P R O C E S S  ---------------

Java Threads: ( => current thread )
=>0x0000000021364800 JavaThread "Thread-16" [_thread_in_vm, id=19592, stack(0x0000000030960000,0x0000000030a60000)]
  0x0000000021367000 JavaThread "DestroyJavaVM" [_thread_blocked, id=21756, stack(0x0000000002730000,0x0000000002830000)]
  0x0000000021365800 JavaThread "http-nio-8080-AsyncTimeout" daemon [_thread_blocked, id=4244, stack(0x0000000026b60000,0x0000000026c60000)]
  0x000000002135c800 JavaThread "http-nio-8080-Acceptor-0" daemon [_thread_in_native, id=15972, stack(0x0000000026a60000,0x0000000026b60000)]
  0x0000000021363000 JavaThread "http-nio-8080-ClientPoller-1" daemon [_thread_in_native, id=17736, stack(0x0000000026960000,0x0000000026a60000)]
  0x0000000021360000 JavaThread "http-nio-8080-ClientPoller-0" daemon [_thread_in_native, id=4844, stack(0x0000000026860000,0x0000000026960000)]
  0x000000002135b800 JavaThread "http-nio-8080-exec-10" daemon [_thread_blocked, id=22412, stack(0x0000000026760000,0x0000000026860000)]
  0x0000000021361800 JavaThread "http-nio-8080-exec-9" daemon [_thread_blocked, id=22296, stack(0x0000000026660000,0x0000000026760000)]
  0x000000002135f800 JavaThread "http-nio-8080-exec-8" daemon [_thread_blocked, id=9168, stack(0x0000000026560000,0x0000000026660000)]
  0x000000002135e800 JavaThread "http-nio-8080-exec-7" daemon [_thread_blocked, id=20096, stack(0x0000000026460000,0x0000000026560000)]
  0x000000002135e000 JavaThread "http-nio-8080-exec-6" daemon [_thread_blocked, id=12452, stack(0x0000000026360000,0x0000000026460000)]
  0x000000002135d000 JavaThread "http-nio-8080-exec-5" daemon [_thread_blocked, id=11076, stack(0x0000000026260000,0x0000000026360000)]
  0x0000000021362800 JavaThread "http-nio-8080-exec-4" daemon [_thread_blocked, id=22460, stack(0x0000000026160000,0x0000000026260000)]
  0x000000002135b000 JavaThread "http-nio-8080-exec-3" daemon [_thread_blocked, id=22976, stack(0x0000000026060000,0x0000000026160000)]
  0x0000000021358000 JavaThread "http-nio-8080-exec-2" daemon [_thread_blocked, id=2044, stack(0x0000000025f60000,0x0000000026060000)]
  0x000000002135a000 JavaThread "http-nio-8080-exec-1" daemon [_thread_blocked, id=9816, stack(0x0000000025e60000,0x0000000025f60000)]
  0x0000000021359800 JavaThread "NioBlockingSelector.BlockPoller-1" daemon [_thread_in_native, id=17380, stack(0x0000000025d60000,0x0000000025e60000)]
  0x00000000217c2000 JavaThread "Live Reload Server" daemon [_thread_in_native, id=17156, stack(0x0000000025460000,0x0000000025560000)]
  0x00000000217c1800 JavaThread "HikariPool-1 housekeeper" daemon [_thread_blocked, id=20384, stack(0x0000000024b60000,0x0000000024c60000)]
  0x00000000217c7800 JavaThread "container-0" [_thread_blocked, id=21776, stack(0x0000000024a60000,0x0000000024b60000)]
  0x00000000217c4800 JavaThread "ContainerBackgroundProcessor[StandardEngine[Tomcat]]" daemon [_thread_blocked, id=10756, stack(0x0000000024960000,0x0000000024a60000)]
  0x00000000217c6800 JavaThread "SimplePauseDetectorThread_0" daemon [_thread_blocked, id=21324, stack(0x0000000024660000,0x0000000024760000)]
  0x00000000217c6000 JavaThread "Thread-11" daemon [_thread_blocked, id=10332, stack(0x0000000024560000,0x0000000024660000)]
  0x000000001f5a2000 JavaThread "RMI Scheduler(0)" daemon [_thread_blocked, id=14388, stack(0x00000000209c0000,0x0000000020ac0000)]
  0x000000001f206000 JavaThread "RMI TCP Accept-0" daemon [_thread_in_native, id=22076, stack(0x0000000020180000,0x0000000020280000)]
  0x000000001f202000 JavaThread "RMI TCP Accept-7875" daemon [_thread_in_native, id=13956, stack(0x0000000020080000,0x0000000020180000)]
  0x000000001f1f0000 JavaThread "RMI TCP Accept-0" daemon [_thread_in_native, id=22564, stack(0x000000001ff80000,0x0000000020080000)]
  0x000000001f0d6000 JavaThread "Service Thread" daemon [_thread_blocked, id=23472, stack(0x000000001fe80000,0x000000001ff80000)]
  0x000000001f02e800 JavaThread "C1 CompilerThread3" daemon [_thread_blocked, id=23488, stack(0x000000001fd80000,0x000000001fe80000)]
  0x000000001f02c000 JavaThread "C2 CompilerThread2" daemon [_thread_blocked, id=1004, stack(0x000000001fc80000,0x000000001fd80000)]
  0x000000001f02b000 JavaThread "C2 CompilerThread1" daemon [_thread_blocked, id=19628, stack(0x000000001fb80000,0x000000001fc80000)]
  0x000000001f028800 JavaThread "C2 CompilerThread0" daemon [_thread_blocked, id=5760, stack(0x000000001fa80000,0x000000001fb80000)]
  0x000000001e4a2800 JavaThread "JDWP Command Reader" daemon [_thread_in_native, id=2836, stack(0x000000001ee40000,0x000000001ef40000)]
  0x000000001e498000 JavaThread "JDWP Event Helper Thread" daemon [_thread_blocked, id=3288, stack(0x000000001ed40000,0x000000001ee40000)]
  0x000000001e496800 JavaThread "JDWP Transport Listener: dt_socket" daemon [_thread_blocked, id=20568, stack(0x000000001ec40000,0x000000001ed40000)]
  0x000000001e481800 JavaThread "Attach Listener" daemon [_thread_blocked, id=17940, stack(0x000000001eb40000,0x000000001ec40000)]
  0x000000001e47f000 JavaThread "Signal Dispatcher" daemon [_thread_blocked, id=16572, stack(0x000000001ea40000,0x000000001eb40000)]
  0x000000000297e000 JavaThread "Finalizer" daemon [_thread_blocked, id=12236, stack(0x000000001e850000,0x000000001e950000)]
  0x000000001c55d800 JavaThread "Reference Handler" daemon [_thread_blocked, id=23060, stack(0x000000001e350000,0x000000001e450000)]

Other Threads:
  0x000000001c559800 VMThread [stack: 0x000000001e250000,0x000000001e350000] [id=14624]
  0x000000001f209000 WatcherThread [stack: 0x0000000020280000,0x0000000020380000] [id=13772]

VM state:not at safepoint (normal execution)

VM Mutex/Monitor currently owned by a thread: None

Heap:
 PSYoungGen      total 500736K, used 132730K [0x000000076b500000, 0x000000078be00000, 0x00000007c0000000)
  eden space 476672K, 24% used [0x000000076b500000,0x0000000772783d30,0x0000000788680000)
  from space 24064K, 64% used [0x0000000789e80000,0x000000078ad9ac80,0x000000078b600000)
  to   space 24576K, 0% used [0x0000000788680000,0x0000000788680000,0x0000000789e80000)
 ParOldGen       total 136192K, used 32465K [0x00000006c1e00000, 0x00000006ca300000, 0x000000076b500000)
  object space 136192K, 23% used [0x00000006c1e00000,0x00000006c3db47e8,0x00000006ca300000)
 Metaspace       used 55319K, capacity 58293K, committed 58368K, reserved 1099776K
  class space    used 7562K, capacity 8125K, committed 8192K, reserved 1048576K

Card table byte_map: [0x0000000011f10000,0x0000000012710000] byte_map_base: 0x000000000e901000

Marking Bits: (ParMarkBitMap*) 0x000000006dc02f70
 Begin Bits: [0x0000000013460000, 0x00000000173e8000)
 End Bits:   [0x00000000173e8000, 0x000000001b370000)

Polling page: 0x0000000002830000

CodeCache: size=245760Kb used=10897Kb max_used=10897Kb free=234862Kb
 bounds [0x0000000002b50000, 0x0000000003600000, 0x0000000011b50000]
 total_blobs=5752 nmethods=5235 adapters=436
 compilation: enabled

Compilation events (10 events):
Event: 19509.648 Thread 0x000000001f02e800 5359       1       org.h2.command.Parser::readSum (65 bytes)
Event: 19509.648 Thread 0x000000001f02e800 nmethod 5359 0x00000000035f5d90 code [0x00000000035f5fa0, 0x00000000035f6508]
Event: 19509.648 Thread 0x000000001f02e800 5360       1       org.h2.command.Parser::readExpression (34 bytes)
Event: 19509.649 Thread 0x000000001f02e800 nmethod 5360 0x00000000035f6910 code [0x00000000035f6b20, 0x00000000035f6fb8]
Event: 19519.960 Thread 0x000000001f02e800 5361  s    1       java.util.Properties::setProperty (7 bytes)
Event: 19519.960 Thread 0x000000001f02e800 nmethod 5361 0x00000000035f7450 code [0x00000000035f75c0, 0x00000000035f7888]
Event: 19519.961 Thread 0x000000001f02e800 5362       1       java.util.Hashtable$KeySet::iterator (9 bytes)
Event: 19519.961 Thread 0x000000001f02e800 nmethod 5362 0x00000000035f7950 code [0x00000000035f7ac0, 0x00000000035f7ca8]
Event: 19594.930 Thread 0x000000001f02e800 5363       1       org.springframework.util.StringUtils::tokenizeToStringArray (86 bytes)
Event: 19594.931 Thread 0x000000001f02e800 nmethod 5363 0x00000000035f7dd0 code [0x00000000035f7fa0, 0x00000000035f8598]

GC Heap History (10 events):
Event: 3.910 GC heap before
{Heap before GC invocations=8 (full 1):
 PSYoungGen      total 237568K, used 192940K [0x000000076b500000, 0x000000077ae00000, 0x00000007c0000000)
  eden space 226304K, 80% used [0x000000076b500000,0x000000077666d9e8,0x0000000779200000)
  from space 11264K, 99% used [0x000000077a180000,0x000000077ac7d708,0x000000077ac80000)
  to   space 14336K, 0% used [0x0000000779200000,0x0000000779200000,0x000000077a000000)
 ParOldGen       total 84480K, used 8176K [0x00000006c1e00000, 0x00000006c7080000, 0x000000076b500000)
  object space 84480K, 9% used [0x00000006c1e00000,0x00000006c25fc0e8,0x00000006c7080000)
 Metaspace       used 33879K, capacity 35457K, committed 35496K, reserved 1079296K
  class space    used 4541K, capacity 4864K, committed 4864K, reserved 1048576K
Event: 3.923 GC heap after
Heap after GC invocations=8 (full 1):
 PSYoungGen      total 240640K, used 14332K [0x000000076b500000, 0x0000000785180000, 0x00000007c0000000)
  eden space 226304K, 0% used [0x000000076b500000,0x000000076b500000,0x0000000779200000)
  from space 14336K, 99% used [0x0000000779200000,0x0000000779fff0f0,0x000000077a000000)
  to   space 19456K, 0% used [0x0000000783e80000,0x0000000783e80000,0x0000000785180000)
 ParOldGen       total 84480K, used 13794K [0x00000006c1e00000, 0x00000006c7080000, 0x000000076b500000)
  object space 84480K, 16% used [0x00000006c1e00000,0x00000006c2b78900,0x00000006c7080000)
 Metaspace       used 33879K, capacity 35457K, committed 35496K, reserved 1079296K
  class space    used 4541K, capacity 4864K, committed 4864K, reserved 1048576K
}
Event: 3.923 GC heap before
{Heap before GC invocations=9 (full 2):
 PSYoungGen      total 240640K, used 14332K [0x000000076b500000, 0x0000000785180000, 0x00000007c0000000)
  eden space 226304K, 0% used [0x000000076b500000,0x000000076b500000,0x0000000779200000)
  from space 14336K, 99% used [0x0000000779200000,0x0000000779fff0f0,0x000000077a000000)
  to   space 19456K, 0% used [0x0000000783e80000,0x0000000783e80000,0x0000000785180000)
 ParOldGen       total 84480K, used 13794K [0x00000006c1e00000, 0x00000006c7080000, 0x000000076b500000)
  object space 84480K, 16% used [0x00000006c1e00000,0x00000006c2b78900,0x00000006c7080000)
 Metaspace       used 33879K, capacity 35457K, committed 35496K, reserved 1079296K
  class space    used 4541K, capacity 4864K, committed 4864K, reserved 1048576K
Event: 3.968 GC heap after
Heap after GC invocations=9 (full 2):
 PSYoungGen      total 240640K, used 0K [0x000000076b500000, 0x0000000785180000, 0x00000007c0000000)
  eden space 226304K, 0% used [0x000000076b500000,0x000000076b500000,0x0000000779200000)
  from space 14336K, 0% used [0x0000000779200000,0x0000000779200000,0x000000077a000000)
  to   space 19456K, 0% used [0x0000000783e80000,0x0000000783e80000,0x0000000785180000)
 ParOldGen       total 136192K, used 24568K [0x00000006c1e00000, 0x00000006ca300000, 0x000000076b500000)
  object space 136192K, 18% used [0x00000006c1e00000,0x00000006c35fe3b0,0x00000006ca300000)
 Metaspace       used 33879K, capacity 35457K, committed 35496K, reserved 1079296K
  class space    used 4541K, capacity 4864K, committed 4864K, reserved 1048576K
}
Event: 5.474 GC heap before
{Heap before GC invocations=10 (full 2):
 PSYoungGen      total 240640K, used 226304K [0x000000076b500000, 0x0000000785180000, 0x00000007c0000000)
  eden space 226304K, 100% used [0x000000076b500000,0x0000000779200000,0x0000000779200000)
  from space 14336K, 0% used [0x0000000779200000,0x0000000779200000,0x000000077a000000)
  to   space 19456K, 0% used [0x0000000783e80000,0x0000000783e80000,0x0000000785180000)
 ParOldGen       total 136192K, used 24568K [0x00000006c1e00000, 0x00000006ca300000, 0x000000076b500000)
  object space 136192K, 18% used [0x00000006c1e00000,0x00000006c35fe3b0,0x00000006ca300000)
 Metaspace       used 45241K, capacity 47091K, committed 47488K, reserved 1089536K
  class space    used 6098K, capacity 6474K, committed 6528K, reserved 1048576K
Event: 5.487 GC heap after
Heap after GC invocations=10 (full 2):
 PSYoungGen      total 375296K, used 15267K [0x000000076b500000, 0x0000000784d80000, 0x00000007c0000000)
  eden space 359936K, 0% used [0x000000076b500000,0x000000076b500000,0x0000000781480000)
  from space 15360K, 99% used [0x0000000783e80000,0x0000000784d68e18,0x0000000784d80000)
  to   space 20480K, 0% used [0x0000000782580000,0x0000000782580000,0x0000000783980000)
 ParOldGen       total 136192K, used 24584K [0x00000006c1e00000, 0x00000006ca300000, 0x000000076b500000)
  object space 136192K, 18% used [0x00000006c1e00000,0x00000006c36023c0,0x00000006ca300000)
 Metaspace       used 45241K, capacity 47091K, committed 47488K, reserved 1089536K
  class space    used 6098K, capacity 6474K, committed 6528K, reserved 1048576K
}
Event: 7.659 GC heap before
{Heap before GC invocations=11 (full 2):
 PSYoungGen      total 375296K, used 375203K [0x000000076b500000, 0x0000000784d80000, 0x00000007c0000000)
  eden space 359936K, 100% used [0x000000076b500000,0x0000000781480000,0x0000000781480000)
  from space 15360K, 99% used [0x0000000783e80000,0x0000000784d68e18,0x0000000784d80000)
  to   space 20480K, 0% used [0x0000000782580000,0x0000000782580000,0x0000000783980000)
 ParOldGen       total 136192K, used 24584K [0x00000006c1e00000, 0x00000006ca300000, 0x000000076b500000)
  object space 136192K, 18% used [0x00000006c1e00000,0x00000006c36023c0,0x00000006ca300000)
 Metaspace       used 51271K, capacity 53975K, committed 54144K, reserved 1095680K
  class space    used 7024K, capacity 7544K, committed 7552K, reserved 1048576K
Event: 7.676 GC heap after
Heap after GC invocations=11 (full 2):
 PSYoungGen      total 397824K, used 20459K [0x000000076b500000, 0x000000078b600000, 0x00000007c0000000)
  eden space 377344K, 0% used [0x000000076b500000,0x000000076b500000,0x0000000782580000)
  from space 20480K, 99% used [0x0000000782580000,0x000000078397af00,0x0000000783980000)
  to   space 24064K, 0% used [0x0000000789e80000,0x0000000789e80000,0x000000078b600000)
 ParOldGen       total 136192K, used 26285K [0x00000006c1e00000, 0x00000006ca300000, 0x000000076b500000)
  object space 136192K, 19% used [0x00000006c1e00000,0x00000006c37ab690,0x00000006ca300000)
 Metaspace       used 51271K, capacity 53975K, committed 54144K, reserved 1095680K
  class space    used 7024K, capacity 7544K, committed 7552K, reserved 1048576K
}
Event: 14257.800 GC heap before
{Heap before GC invocations=12 (full 2):
 PSYoungGen      total 397824K, used 397803K [0x000000076b500000, 0x000000078b600000, 0x00000007c0000000)
  eden space 377344K, 100% used [0x000000076b500000,0x0000000782580000,0x0000000782580000)
  from space 20480K, 99% used [0x0000000782580000,0x000000078397af00,0x0000000783980000)
  to   space 24064K, 0% used [0x0000000789e80000,0x0000000789e80000,0x000000078b600000)
 ParOldGen       total 136192K, used 26285K [0x00000006c1e00000, 0x00000006ca300000, 0x000000076b500000)
  object space 136192K, 19% used [0x00000006c1e00000,0x00000006c37ab690,0x00000006ca300000)
 Metaspace       used 55302K, capacity 58275K, committed 58368K, reserved 1099776K
  class space    used 7558K, capacity 8122K, committed 8192K, reserved 1048576K
Event: 14257.858 GC heap after
Heap after GC invocations=12 (full 2):
 PSYoungGen      total 500736K, used 15467K [0x000000076b500000, 0x000000078be00000, 0x00000007c0000000)
  eden space 476672K, 0% used [0x000000076b500000,0x000000076b500000,0x0000000788680000)
  from space 24064K, 64% used [0x0000000789e80000,0x000000078ad9ac80,0x000000078b600000)
  to   space 24576K, 0% used [0x0000000788680000,0x0000000788680000,0x0000000789e80000)
 ParOldGen       total 136192K, used 32465K [0x00000006c1e00000, 0x00000006ca300000, 0x000000076b500000)
  object space 136192K, 23% used [0x00000006c1e00000,0x00000006c3db47e8,0x00000006ca300000)
 Metaspace       used 55302K, capacity 58275K, committed 58368K, reserved 1099776K
  class space    used 7558K, capacity 8122K, committed 8192K, reserved 1048576K
}

Deoptimization events (0 events):
No events

Internal exceptions (10 events):
Event: 40.184 Thread 0x000000002135a000 Exception <a 'java/lang/ArrayIndexOutOfBoundsException'> (0x000000076e9eac58) thrown at [C:\re\workspace\8-2-build-windows-amd64-cygwin\jdk8u91\7017\hotspot\src\share\vm\runtime\sharedRuntime.cpp, line 605]
Event: 40.184 Thread 0x000000002135a000 Exception <a 'java/lang/ArrayIndexOutOfBoundsException'> (0x000000076e9ec5a0) thrown at [C:\re\workspace\8-2-build-windows-amd64-cygwin\jdk8u91\7017\hotspot\src\share\vm\runtime\sharedRuntime.cpp, line 605]
Event: 40.186 Thread 0x000000002135a000 Exception <a 'java/lang/ArrayIndexOutOfBoundsException'> (0x000000076ea13348) thrown at [C:\re\workspace\8-2-build-windows-amd64-cygwin\jdk8u91\7017\hotspot\src\share\vm\runtime\sharedRuntime.cpp, line 605]
Event: 40.186 Thread 0x000000002135a000 Exception <a 'java/lang/ArrayIndexOutOfBoundsException'> (0x000000076ea15588) thrown at [C:\re\workspace\8-2-build-windows-amd64-cygwin\jdk8u91\7017\hotspot\src\share\vm\runtime\sharedRuntime.cpp, line 605]
Event: 40.186 Thread 0x000000002135a000 Exception <a 'java/lang/ArrayIndexOutOfBoundsException'> (0x000000076ea18098) thrown at [C:\re\workspace\8-2-build-windows-amd64-cygwin\jdk8u91\7017\hotspot\src\share\vm\runtime\sharedRuntime.cpp, line 605]
Event: 40.187 Thread 0x000000002135a000 Exception <a 'java/lang/ArrayIndexOutOfBoundsException'> (0x000000076ea1a5b8) thrown at [C:\re\workspace\8-2-build-windows-amd64-cygwin\jdk8u91\7017\hotspot\src\share\vm\runtime\sharedRuntime.cpp, line 605]
Event: 5614.590 Thread 0x0000000021362800 Exception <a 'java/lang/ArrayIndexOutOfBoundsException'> (0x000000077664dc40) thrown at [C:\re\workspace\8-2-build-windows-amd64-cygwin\jdk8u91\7017\hotspot\src\share\vm\runtime\sharedRuntime.cpp, line 605]
Event: 5614.612 Thread 0x0000000021362800 Exception <a 'java/lang/ArrayIndexOutOfBoundsException'> (0x00000007767529d0) thrown at [C:\re\workspace\8-2-build-windows-amd64-cygwin\jdk8u91\7017\hotspot\src\share\vm\runtime\sharedRuntime.cpp, line 605]
Event: 5614.613 Thread 0x0000000021362800 Exception <a 'java/lang/ArrayIndexOutOfBoundsException'> (0x0000000776754f50) thrown at [C:\re\workspace\8-2-build-windows-amd64-cygwin\jdk8u91\7017\hotspot\src\share\vm\runtime\sharedRuntime.cpp, line 605]
Event: 19588.866 Thread 0x00000000217c1800 Exception <a 'java/lang/OutOfMemoryError': unable to create new native thread> (0x000000076bf027c0) thrown at [C:\re\workspace\8-2-build-windows-amd64-cygwin\jdk8u91\7017\hotspot\src\share\vm\prims\jvm.cpp, line 3020]

Events (10 events):
Event: 19594.932 Thread 0x00000000217c3800 DEOPT PACKING pc=0x0000000003392f44 sp=0x0000000025d5d930
Event: 19594.932 Thread 0x00000000217c3800 DEOPT UNPACKING pc=0x0000000002b9787f sp=0x0000000025d5d750 mode 1
Event: 19594.932 Thread 0x00000000217c3800 DEOPT PACKING pc=0x0000000003392e8c sp=0x0000000025d5dac0
Event: 19594.932 Thread 0x00000000217c3800 DEOPT UNPACKING pc=0x0000000002b9787f sp=0x0000000025d5d8e0 mode 1
Event: 19594.935 loading class org/springframework/boot/devtools/restart/FailureHandler
Event: 19594.935 loading class org/springframework/boot/devtools/restart/FailureHandler done
Event: 19594.935 loading class org/springframework/boot/devtools/restart/Restarter
Event: 19594.935 loading class org/springframework/boot/devtools/restart/Restarter done
Event: 19594.936 Thread 0x0000000021364800 Thread added: 0x0000000021364800
Event: 19594.936 Thread 0x00000000217c3800 Thread exited: 0x00000000217c3800


Dynamic libraries:
0x00007ff627710000 - 0x00007ff627747000 	C:\Program Files\Java\jdk1.8.0_91\bin\java.exe
0x00007ff8c5530000 - 0x00007ff8c5711000 	C:\Windows\SYSTEM32\ntdll.dll
0x00007ff8c4e90000 - 0x00007ff8c4f42000 	C:\Windows\System32\KERNEL32.DLL
0x00007ff8c2390000 - 0x00007ff8c2603000 	C:\Windows\System32\KERNELBASE.dll
0x00007ff8c5110000 - 0x00007ff8c51b1000 	C:\Windows\System32\ADVAPI32.dll
0x00007ff8c3510000 - 0x00007ff8c35ae000 	C:\Windows\System32\msvcrt.dll
0x00007ff8c5250000 - 0x00007ff8c52ab000 	C:\Windows\System32\sechost.dll
0x00007ff8c2f50000 - 0x00007ff8c3074000 	C:\Windows\System32\RPCRT4.dll
0x00007ff8c35e0000 - 0x00007ff8c3770000 	C:\Windows\System32\USER32.dll
0x00007ff8c29a0000 - 0x00007ff8c29c0000 	C:\Windows\System32\win32u.dll
0x00007ff8c35b0000 - 0x00007ff8c35d8000 	C:\Windows\System32\GDI32.dll
0x00007ff8c2800000 - 0x00007ff8c2992000 	C:\Windows\System32\gdi32full.dll
0x00007ff8c2610000 - 0x00007ff8c26af000 	C:\Windows\System32\msvcp_win.dll
0x00007ff8c26b0000 - 0x00007ff8c27aa000 	C:\Windows\System32\ucrtbase.dll
0x00007ff8a0150000 - 0x00007ff8a03b9000 	C:\Windows\WinSxS\amd64_microsoft.windows.common-controls_6595b64144ccf1df_6.0.17134.472_none_fb3f9af53068156d\COMCTL32.dll
0x00007ff8c3080000 - 0x00007ff8c33a2000 	C:\Windows\System32\combase.dll
0x00007ff8c1900000 - 0x00007ff8c197a000 	C:\Windows\System32\bcryptPrimitives.dll
0x00007ff8c3770000 - 0x00007ff8c379d000 	C:\Windows\System32\IMM32.DLL
0x000000006dc90000 - 0x000000006dd62000 	C:\Program Files\Java\jdk1.8.0_91\jre\bin\msvcr100.dll
0x000000006d3f0000 - 0x000000006dc83000 	C:\Program Files\Java\jdk1.8.0_91\jre\bin\server\jvm.dll
0x00007ff8c34a0000 - 0x00007ff8c34a8000 	C:\Windows\System32\PSAPI.DLL
0x00007ff8bf550000 - 0x00007ff8bf573000 	C:\Windows\SYSTEM32\WINMM.dll
0x00007ff8b3490000 - 0x00007ff8b349a000 	C:\Windows\SYSTEM32\VERSION.dll
0x00007ff88e740000 - 0x00007ff88e749000 	C:\Windows\SYSTEM32\WSOCK32.dll
0x00007ff8c51e0000 - 0x00007ff8c524c000 	C:\Windows\System32\WS2_32.dll
0x00007ff8bf520000 - 0x00007ff8bf54a000 	C:\Windows\SYSTEM32\winmmbase.dll
0x00007ff8c27b0000 - 0x00007ff8c27f9000 	C:\Windows\System32\cfgmgr32.dll
0x000000006e490000 - 0x000000006e49f000 	C:\Program Files\Java\jdk1.8.0_91\jre\bin\verify.dll
0x000000006e460000 - 0x000000006e489000 	C:\Program Files\Java\jdk1.8.0_91\jre\bin\java.dll
0x000000006d3b0000 - 0x000000006d3e5000 	C:\Program Files\Java\jdk1.8.0_91\jre\bin\jdwp.dll
0x000000006e3e0000 - 0x000000006e3e8000 	C:\Program Files\Java\jdk1.8.0_91\jre\bin\npt.dll
0x000000006d380000 - 0x000000006d3a3000 	C:\Program Files\Java\jdk1.8.0_91\jre\bin\instrument.dll
0x000000006e440000 - 0x000000006e456000 	C:\Program Files\Java\jdk1.8.0_91\jre\bin\zip.dll
0x00007ff8c3920000 - 0x00007ff8c4d60000 	C:\Windows\System32\SHELL32.dll
0x00007ff8c52b0000 - 0x00007ff8c5359000 	C:\Windows\System32\shcore.dll
0x00007ff8c1c80000 - 0x00007ff8c238d000 	C:\Windows\System32\windows.storage.dll
0x00007ff8c2e10000 - 0x00007ff8c2e61000 	C:\Windows\System32\shlwapi.dll
0x00007ff8c18e0000 - 0x00007ff8c18f1000 	C:\Windows\System32\kernel.appcore.dll
0x00007ff8c1870000 - 0x00007ff8c188f000 	C:\Windows\System32\profapi.dll
0x00007ff8c1890000 - 0x00007ff8c18dc000 	C:\Windows\System32\powrprof.dll
0x00007ff8c1860000 - 0x00007ff8c186a000 	C:\Windows\System32\FLTLIB.DLL
0x000000006d330000 - 0x000000006d339000 	C:\Program Files\Java\jdk1.8.0_91\jre\bin\dt_socket.dll
0x00007ff8c1010000 - 0x00007ff8c1076000 	C:\Windows\system32\mswsock.dll
0x00007ff8c1220000 - 0x00007ff8c1237000 	C:\Windows\SYSTEM32\CRYPTSP.dll
0x00007ff8c0c00000 - 0x00007ff8c0c33000 	C:\Windows\system32\rsaenh.dll
0x00007ff8c13a0000 - 0x00007ff8c13c5000 	C:\Windows\SYSTEM32\bcrypt.dll
0x00007ff8c1740000 - 0x00007ff8c1768000 	C:\Windows\SYSTEM32\USERENV.dll
0x00007ff8c1170000 - 0x00007ff8c117b000 	C:\Windows\SYSTEM32\CRYPTBASE.dll
0x000000006d360000 - 0x000000006d37a000 	C:\Program Files\Java\jdk1.8.0_91\jre\bin\net.dll
0x00007ff8c0da0000 - 0x00007ff8c0dd8000 	C:\Windows\SYSTEM32\IPHLPAPI.DLL
0x00007ff8c4e80000 - 0x00007ff8c4e88000 	C:\Windows\System32\NSI.dll
0x00007ff8bb800000 - 0x00007ff8bb816000 	C:\Windows\SYSTEM32\dhcpcsvc6.DLL
0x00007ff8bb500000 - 0x00007ff8bb51a000 	C:\Windows\SYSTEM32\dhcpcsvc.DLL
0x000000006d340000 - 0x000000006d351000 	C:\Program Files\Java\jdk1.8.0_91\jre\bin\nio.dll
0x000000006e3f0000 - 0x000000006e3fd000 	C:\Program Files\Java\jdk1.8.0_91\jre\bin\management.dll
0x00007ff888a40000 - 0x00007ff888a56000 	C:\Windows\system32\napinsp.dll
0x00007ff888a20000 - 0x00007ff888a3a000 	C:\Windows\system32\pnrpnsp.dll
0x00007ff8bddc0000 - 0x00007ff8bddd9000 	C:\Windows\system32\NLAapi.dll
0x00007ff8c0de0000 - 0x00007ff8c0e9e000 	C:\Windows\SYSTEM32\DNSAPI.dll
0x00007ff89a1d0000 - 0x00007ff89a1de000 	C:\Windows\System32\winrnr.dll
0x00007ff8bb4e0000 - 0x00007ff8bb4f5000 	C:\Windows\System32\wshbth.dll
0x00007ff8ba600000 - 0x00007ff8ba60a000 	C:\Windows\System32\rasadhlp.dll
0x00007ff8b6a40000 - 0x00007ff8b6ab2000 	C:\Windows\System32\fwpuclnt.dll

VM Arguments:
jvm_args: -agentlib:jdwp=transport=dt_socket,address=127.0.0.1:7876,suspend=y,server=n -XX:TieredStopAtLevel=1 -Xverify:none -Dspring.output.ansi.enabled=always -Dcom.sun.management.jmxremote -Dcom.sun.management.jmxremote.port=7875 -Dcom.sun.management.jmxremote.authenticate=false -Dcom.sun.management.jmxremote.ssl=false -Djava.rmi.server.hostname=localhost -Dspring.liveBeansView.mbeanDomain -Dspring.application.admin.enabled=true -javaagent:C:\Users\behzamaan\.IntelliJIdea2018.3\system\captureAgent\debugger-agent.jar -Dfile.encoding=UTF-8 
java_command: ir.mb.demo.DemoApplication
java_class_path (initial): C:\Program Files\Java\jdk1.8.0_91\jre\lib\charsets.jar;C:\Program Files\Java\jdk1.8.0_91\jre\lib\deploy.jar;C:\Program Files\Java\jdk1.8.0_91\jre\lib\ext\access-bridge-64.jar;C:\Program Files\Java\jdk1.8.0_91\jre\lib\ext\cldrdata.jar;C:\Program Files\Java\jdk1.8.0_91\jre\lib\ext\dnsns.jar;C:\Program Files\Java\jdk1.8.0_91\jre\lib\ext\jaccess.jar;C:\Program Files\Java\jdk1.8.0_91\jre\lib\ext\jfxrt.jar;C:\Program Files\Java\jdk1.8.0_91\jre\lib\ext\localedata.jar;C:\Program Files\Java\jdk1.8.0_91\jre\lib\ext\nashorn.jar;C:\Program Files\Java\jdk1.8.0_91\jre\lib\ext\sunec.jar;C:\Program Files\Java\jdk1.8.0_91\jre\lib\ext\sunjce_provider.jar;C:\Program Files\Java\jdk1.8.0_91\jre\lib\ext\sunmscapi.jar;C:\Program Files\Java\jdk1.8.0_91\jre\lib\ext\sunpkcs11.jar;C:\Program Files\Java\jdk1.8.0_91\jre\lib\ext\zipfs.jar;C:\Program Files\Java\jdk1.8.0_91\jre\lib\javaws.jar;C:\Program Files\Java\jdk1.8.0_91\jre\lib\jce.jar;C:\Program Files\Java\jdk1.8.0_91\jre\lib\jfr.jar;C:\Program Files\Java\jdk1.8.0_91\jre\lib\jfxswt.jar;C:\Program Files\Java\jdk1.8.0_91\jre\lib\jsse.jar;C:\Program Files\Java\jdk1.8.0_91\jre\lib\management-agent.jar;C:\Program Files\Java\jdk1.8.0_91\jre\lib\plugin.jar;C:\Program Files\Java\jdk1.8.0_91\jre\lib\resources.jar;C:\Program Files\Java\jdk1.8.0_91\jre\lib\rt.jar;C:\code\mb\server\target\classes;C:\Users\behzamaan\.m2\repository\org\springframework\boot\spring-boot-starter-actuator\2.1.1.RELEASE\spring-boot-starter-actuator-2.1.1.RELEASE.jar;C:\Users\behzamaan\.m2\repository\org\springframework\boot\spring-boot-starter\2.1.1.RELEASE\spring-boot-starter-2.1.1.RELEASE.jar;C:\Users\behzamaan\.m2\repository\org\springframework\boot\spring-boot-starter-logging\2.1.1.RELEASE\spring-boot-starter-logging-2.1.1.RELEASE.jar;C:\Users\behzamaan\.m2\repository\ch\qos\logback\logback-classic\1.2.3\logback-classic-1.2.3.jar;C:\Users\behzamaan\.m2\repository\ch\qos\logback\logback-core\1.2.3\logback-core-1.2.3.jar;C:\Users\behzamaan\.m2\r
Launcher Type: SUN_STANDARD

Environment Variables:
JAVA_HOME=C:\Program Files\Java\jdk1.8.0_91
CLASSPATH=C:\Program Files\IBM\WebSphere MQ\java\lib\com.ibm.mqjms.jar;C:\Program Files\IBM\WebSphere MQ\java\lib\com.ibm.mq.jar
PATH=C:\Program Files\IBM\WebSphere MQ\java\lib;C:\Program Files\IBM\WebSphere MQ\java\lib64;C:\ProgramData\DockerDesktop\version-bin;C:\Program Files\Docker\Docker\Resources\bin;C:\ProgramData\Oracle\Java\javapath;C:\Windows\system32;C:\Windows;C:\Windows\System32\Wbem;C:\Windows\System32\WindowsPowerShell\v1.0\;C:\Windows\System32\OpenSSH\;C:\Program Files (x86)\Microsoft SQL Server\130\Tools\Binn\;C:\Program Files\Microsoft SQL Server\130\Tools\Binn\;C:\Program Files (x86)\Microsoft SQL Server\130\DTS\Binn\;C:\Program Files\Microsoft SQL Server\130\DTS\Binn\;C:\Program Files\Microsoft SQL Server\Client SDK\ODBC\130\Tools\Binn\;C:\Program Files (x86)\Microsoft SQL Server\Client SDK\ODBC\130\Tools\Binn\;C:\Program Files (x86)\Microsoft SQL Server\130\Tools\Binn\ManagementStudio\;C:\Program Files\TortoiseSVN\bin;C:\Program Files\nodejs\;C:\Program Files (x86)\Yarn\bin\;C:\Program Files\EmEditor;C:\ProgramData\chocolatey\bin;C:\Program Files\Git\cmd;C:\PostgreSQL\pg10\bin;C:\servers\apache-tomcat-8.5.32\bin;C:\Program Files\Java\jdk1.8.0_91\bin;C:\apache-maven-3.5.4\bin;;C:\Program Files\SQL Operations Studio\bin;C:\Program Files\IBM\WebSphere MQ\bin64;C:\Program Files\IBM\WebSphere MQ\bin;C:\Program Files\IBM\WebSphere MQ\tools\c\samples\bin64;C:\Program Files\IBM\WebSphere MQ\tools\c\samples\bin;C:\Users\behzamaan\AppData\Local\Microsoft\WindowsApps;C:\Users\behzamaan\AppData\Roaming\npm;C:\Users\behzamaan\AppData\Local\Yarn\bin;C:\Users\behzamaan\AppData\Local\GitHubDesktop\bin;C:\Program Files\SQL Operations Studio\bin;C:\Program Files\SQL Operations Studio\bin;C:\Program Files\JetBrains\IntelliJ IDEA 2018.3.1\bin;;C:\Users\behzamaan\AppData\Local\Programs\Microsoft VS Code\bin
USERNAME=behzamaan
OS=Windows_NT
PROCESSOR_IDENTIFIER=Intel64 Family 6 Model 60 Stepping 3, GenuineIntel



---------------  S Y S T E M  ---------------

OS: Windows 10.0 , 64 bit Build 17134 (10.0.17134.1)

CPU:total 8 (4 cores per cpu, 2 threads per core) family 6 model 60 stepping 3, cmov, cx8, fxsr, mmx, sse, sse2, sse3, ssse3, sse4.1, sse4.2, popcnt, avx, avx2, aes, clmul, erms, lzcnt, ht, tsc, tscinvbit, bmi1, bmi2

Memory: 4k page, physical 16650444k(447112k free), swap 32200904k(0k free)

vm_info: Java HotSpot(TM) 64-Bit Server VM (25.91-b15) for windows-amd64 JRE (1.8.0_91-b15), built on May 20 2016 17:43:15 by "java_re" with MS VC++ 10.0 (VS2010)

time: Tue Jan 08 23:28:44 2019
elapsed time: 19594 seconds (0d 5h 26m 34s)

